2022-12-04 02:35:10 - [INFO] - {{EXTRACTING FILES}} Extracting compressed files in: /home/ivan/Documentos/global_foundries/gf180-demo/caravel_user_project
2022-12-04 02:35:11 - [INFO] - {{Project Type Info}} digital
2022-12-04 02:35:11 - [INFO] - {{Project GDS Info}} user_project_wrapper: 5224ed57ea494a22292b09dda46334507000dac7
2022-12-04 02:35:18 - [INFO] - {{Tools Info}} KLayout: v0.27.12 | Magic: v8.3.346
2022-12-04 02:35:18 - [INFO] - {{PDKs Info}} GF180MCUC: a897aa30369d3bcec87d9d50ce9b01f320f854ef | Open PDKs: 0059588eebfc704681dc2368bd1d33d96281d10f
2022-12-04 02:35:18 - [INFO] - {{START}} Precheck Started, the full log 'precheck.log' will be located in '/home/ivan/Documentos/global_foundries/gf180-demo/caravel_user_project/precheck_results/04_DEC_2022___02_35_10/logs'
2022-12-04 02:35:18 - [INFO] - {{PRECHECK SEQUENCE}} Precheck will run the following checks: [License, GPIO-Defines, XOR, Klayout FEOL, Klayout BEOL, Klayout Offgrid, Klayout Metal Minimum Clear Area Density]
2022-12-04 02:35:18 - [INFO] - {{STEP UPDATE}} Executing Check 1 of 7: License
2022-12-04 02:35:19 - [INFO] - An approved LICENSE (Apache-2.0) was found in /home/ivan/Documentos/global_foundries/gf180-demo/caravel_user_project.
2022-12-04 02:35:19 - [INFO] - {{MAIN LICENSE CHECK PASSED}} An approved LICENSE was found in project root.
2022-12-04 02:35:20 - [INFO] - An approved LICENSE (Apache-2.0) was found in /home/ivan/Documentos/global_foundries/gf180-demo/caravel_user_project.
2022-12-04 02:35:21 - [INFO] - An approved LICENSE (Apache-2.0) was found in /home/ivan/Documentos/global_foundries/gf180-demo/caravel_user_project.
2022-12-04 02:35:22 - [INFO] - An approved LICENSE (Apache-2.0) was found in /home/ivan/Documentos/global_foundries/gf180-demo/caravel_user_project.
2022-12-04 02:35:23 - [INFO] - An approved LICENSE (Apache-2.0) was found in /home/ivan/Documentos/global_foundries/gf180-demo/caravel_user_project.
2022-12-04 02:35:23 - [INFO] - {{SUBMODULES LICENSE CHECK PASSED}} No prohibited LICENSE file(s) was found in project submodules
2022-12-04 02:35:28 - [ERROR] - SPDX COMPLIANCE FILE UNICODE DECODE EXCEPTION in (/home/ivan/Documentos/global_foundries/gf180-demo/caravel_user_project/openlane/user_proj_example/runs/22_12_03_20_22/tmp/floorplan/3-initial_fp.odb): 'utf-8' codec can't decode byte 0xe5 in position 16: invalid continuation byte
2022-12-04 02:35:28 - [ERROR] - SPDX COMPLIANCE FILE UNICODE DECODE EXCEPTION in (/home/ivan/Documentos/global_foundries/gf180-demo/caravel_user_project/openlane/user_proj_example/runs/22_12_03_20_06/results/cts/user_proj_example.odb): 'utf-8' codec can't decode byte 0xe5 in position 16: invalid continuation byte
2022-12-04 02:35:28 - [ERROR] - SPDX COMPLIANCE FILE UNICODE DECODE EXCEPTION in (/home/ivan/Documentos/global_foundries/gf180-demo/caravel_user_project/openlane/user_proj_example/runs/22_12_03_20_06/results/routing/user_proj_example.odb): 'utf-8' codec can't decode byte 0xe5 in position 16: invalid continuation byte
2022-12-04 02:35:29 - [ERROR] - SPDX COMPLIANCE FILE UNICODE DECODE EXCEPTION in (/home/ivan/Documentos/global_foundries/gf180-demo/caravel_user_project/openlane/user_proj_example/runs/22_12_03_20_06/results/placement/user_proj_example.odb): 'utf-8' codec can't decode byte 0xe5 in position 16: invalid continuation byte
2022-12-04 02:35:29 - [ERROR] - SPDX COMPLIANCE FILE UNICODE DECODE EXCEPTION in (/home/ivan/Documentos/global_foundries/gf180-demo/caravel_user_project/openlane/user_proj_example/runs/22_12_03_20_06/results/floorplan/user_proj_example.odb): 'utf-8' codec can't decode byte 0xe5 in position 16: invalid continuation byte
2022-12-04 02:35:29 - [ERROR] - SPDX COMPLIANCE FILE UNICODE DECODE EXCEPTION in (/home/ivan/Documentos/global_foundries/gf180-demo/caravel_user_project/openlane/user_proj_example/runs/22_12_03_20_06/tmp/12-user_proj_example.odb): 'utf-8' codec can't decode byte 0xe5 in position 16: invalid continuation byte
2022-12-04 02:35:32 - [ERROR] - SPDX COMPLIANCE FILE UNICODE DECODE EXCEPTION in (/home/ivan/Documentos/global_foundries/gf180-demo/caravel_user_project/openlane/user_proj_example/runs/22_12_03_20_06/tmp/cts/11-user_proj_example.resized.odb): 'utf-8' codec can't decode byte 0xe5 in position 16: invalid continuation byte
2022-12-04 02:35:33 - [ERROR] - SPDX COMPLIANCE FILE UNICODE DECODE EXCEPTION in (/home/ivan/Documentos/global_foundries/gf180-demo/caravel_user_project/openlane/user_proj_example/runs/22_12_03_20_06/tmp/routing/15-fill.odb): 'utf-8' codec can't decode byte 0xe5 in position 16: invalid continuation byte
2022-12-04 02:35:33 - [ERROR] - SPDX COMPLIANCE FILE UNICODE DECODE EXCEPTION in (/home/ivan/Documentos/global_foundries/gf180-demo/caravel_user_project/openlane/user_proj_example/runs/22_12_03_20_06/tmp/routing/13-diodes.odb): 'utf-8' codec can't decode byte 0xe5 in position 16: invalid continuation byte
2022-12-04 02:35:33 - [ERROR] - SPDX COMPLIANCE FILE UNICODE DECODE EXCEPTION in (/home/ivan/Documentos/global_foundries/gf180-demo/caravel_user_project/openlane/user_proj_example/runs/22_12_03_20_06/tmp/routing/diodes.odb): 'utf-8' codec can't decode byte 0xe5 in position 16: invalid continuation byte
2022-12-04 02:35:33 - [ERROR] - SPDX COMPLIANCE FILE UNICODE DECODE EXCEPTION in (/home/ivan/Documentos/global_foundries/gf180-demo/caravel_user_project/openlane/user_proj_example/runs/22_12_03_20_06/tmp/routing/16-global.odb): 'utf-8' codec can't decode byte 0xe5 in position 16: invalid continuation byte
2022-12-04 02:35:33 - [ERROR] - SPDX COMPLIANCE FILE UNICODE DECODE EXCEPTION in (/home/ivan/Documentos/global_foundries/gf180-demo/caravel_user_project/openlane/user_proj_example/runs/22_12_03_20_06/tmp/placement/8-resizer.odb): 'utf-8' codec can't decode byte 0xe5 in position 16: invalid continuation byte
2022-12-04 02:35:33 - [ERROR] - SPDX COMPLIANCE FILE UNICODE DECODE EXCEPTION in (/home/ivan/Documentos/global_foundries/gf180-demo/caravel_user_project/openlane/user_proj_example/runs/22_12_03_20_06/tmp/placement/7-global.odb): 'utf-8' codec can't decode byte 0xe5 in position 16: invalid continuation byte
2022-12-04 02:35:33 - [ERROR] - SPDX COMPLIANCE FILE UNICODE DECODE EXCEPTION in (/home/ivan/Documentos/global_foundries/gf180-demo/caravel_user_project/openlane/user_proj_example/runs/22_12_03_20_06/tmp/floorplan/3-initial_fp.odb): 'utf-8' codec can't decode byte 0xe5 in position 16: invalid continuation byte
2022-12-04 02:35:33 - [ERROR] - SPDX COMPLIANCE FILE UNICODE DECODE EXCEPTION in (/home/ivan/Documentos/global_foundries/gf180-demo/caravel_user_project/openlane/user_proj_example/runs/22_12_03_20_06/tmp/floorplan/4-io.odb): 'utf-8' codec can't decode byte 0xe5 in position 16: invalid continuation byte
2022-12-04 02:35:33 - [ERROR] - SPDX COMPLIANCE FILE UNICODE DECODE EXCEPTION in (/home/ivan/Documentos/global_foundries/gf180-demo/caravel_user_project/openlane/user_proj_example/runs/22_12_03_20_06/tmp/floorplan/6-pdn.odb): 'utf-8' codec can't decode byte 0xe5 in position 16: invalid continuation byte
2022-12-04 02:35:34 - [ERROR] - SPDX COMPLIANCE FILE UNICODE DECODE EXCEPTION in (/home/ivan/Documentos/global_foundries/gf180-demo/caravel_user_project/openlane/user_proj_example/runs/22_12_03_20_30/results/cts/fibonacci.odb): 'utf-8' codec can't decode byte 0xe5 in position 16: invalid continuation byte
2022-12-04 02:35:34 - [ERROR] - SPDX COMPLIANCE FILE UNICODE DECODE EXCEPTION in (/home/ivan/Documentos/global_foundries/gf180-demo/caravel_user_project/openlane/user_proj_example/runs/22_12_03_20_30/results/routing/fibonacci.odb): 'utf-8' codec can't decode byte 0xe5 in position 16: invalid continuation byte
2022-12-04 02:35:34 - [ERROR] - SPDX COMPLIANCE FILE UNICODE DECODE EXCEPTION in (/home/ivan/Documentos/global_foundries/gf180-demo/caravel_user_project/openlane/user_proj_example/runs/22_12_03_20_30/results/placement/fibonacci.odb): 'utf-8' codec can't decode byte 0xe5 in position 16: invalid continuation byte
2022-12-04 02:35:34 - [ERROR] - SPDX COMPLIANCE FILE UNICODE DECODE EXCEPTION in (/home/ivan/Documentos/global_foundries/gf180-demo/caravel_user_project/openlane/user_proj_example/runs/22_12_03_20_30/results/floorplan/fibonacci.odb): 'utf-8' codec can't decode byte 0xe5 in position 16: invalid continuation byte
2022-12-04 02:35:35 - [ERROR] - SPDX COMPLIANCE FILE UNICODE DECODE EXCEPTION in (/home/ivan/Documentos/global_foundries/gf180-demo/caravel_user_project/openlane/user_proj_example/runs/22_12_03_20_30/tmp/12-fibonacci.odb): 'utf-8' codec can't decode byte 0xe5 in position 16: invalid continuation byte
2022-12-04 02:35:38 - [ERROR] - SPDX COMPLIANCE FILE UNICODE DECODE EXCEPTION in (/home/ivan/Documentos/global_foundries/gf180-demo/caravel_user_project/openlane/user_proj_example/runs/22_12_03_20_30/tmp/cts/11-fibonacci.resized.odb): 'utf-8' codec can't decode byte 0xe5 in position 16: invalid continuation byte
2022-12-04 02:35:38 - [ERROR] - SPDX COMPLIANCE FILE UNICODE DECODE EXCEPTION in (/home/ivan/Documentos/global_foundries/gf180-demo/caravel_user_project/openlane/user_proj_example/runs/22_12_03_20_30/tmp/routing/15-fill.odb): 'utf-8' codec can't decode byte 0xe5 in position 16: invalid continuation byte
2022-12-04 02:35:38 - [ERROR] - SPDX COMPLIANCE FILE UNICODE DECODE EXCEPTION in (/home/ivan/Documentos/global_foundries/gf180-demo/caravel_user_project/openlane/user_proj_example/runs/22_12_03_20_30/tmp/routing/13-diodes.odb): 'utf-8' codec can't decode byte 0xe5 in position 16: invalid continuation byte
2022-12-04 02:35:38 - [ERROR] - SPDX COMPLIANCE FILE UNICODE DECODE EXCEPTION in (/home/ivan/Documentos/global_foundries/gf180-demo/caravel_user_project/openlane/user_proj_example/runs/22_12_03_20_30/tmp/routing/diodes.odb): 'utf-8' codec can't decode byte 0xe5 in position 16: invalid continuation byte
2022-12-04 02:35:38 - [ERROR] - SPDX COMPLIANCE FILE UNICODE DECODE EXCEPTION in (/home/ivan/Documentos/global_foundries/gf180-demo/caravel_user_project/openlane/user_proj_example/runs/22_12_03_20_30/tmp/routing/16-global.odb): 'utf-8' codec can't decode byte 0xe5 in position 16: invalid continuation byte
2022-12-04 02:35:39 - [ERROR] - SPDX COMPLIANCE FILE UNICODE DECODE EXCEPTION in (/home/ivan/Documentos/global_foundries/gf180-demo/caravel_user_project/openlane/user_proj_example/runs/22_12_03_20_30/tmp/placement/8-resizer.odb): 'utf-8' codec can't decode byte 0xe5 in position 16: invalid continuation byte
2022-12-04 02:35:39 - [ERROR] - SPDX COMPLIANCE FILE UNICODE DECODE EXCEPTION in (/home/ivan/Documentos/global_foundries/gf180-demo/caravel_user_project/openlane/user_proj_example/runs/22_12_03_20_30/tmp/placement/7-global.odb): 'utf-8' codec can't decode byte 0xe5 in position 16: invalid continuation byte
2022-12-04 02:35:39 - [ERROR] - SPDX COMPLIANCE FILE UNICODE DECODE EXCEPTION in (/home/ivan/Documentos/global_foundries/gf180-demo/caravel_user_project/openlane/user_proj_example/runs/22_12_03_20_30/tmp/floorplan/3-initial_fp.odb): 'utf-8' codec can't decode byte 0xe5 in position 16: invalid continuation byte
2022-12-04 02:35:39 - [ERROR] - SPDX COMPLIANCE FILE UNICODE DECODE EXCEPTION in (/home/ivan/Documentos/global_foundries/gf180-demo/caravel_user_project/openlane/user_proj_example/runs/22_12_03_20_30/tmp/floorplan/4-io.odb): 'utf-8' codec can't decode byte 0xe5 in position 16: invalid continuation byte
2022-12-04 02:35:39 - [ERROR] - SPDX COMPLIANCE FILE UNICODE DECODE EXCEPTION in (/home/ivan/Documentos/global_foundries/gf180-demo/caravel_user_project/openlane/user_proj_example/runs/22_12_03_20_30/tmp/floorplan/6-pdn.odb): 'utf-8' codec can't decode byte 0xe5 in position 16: invalid continuation byte
2022-12-04 02:35:47 - [ERROR] - SPDX COMPLIANCE FILE UNICODE DECODE EXCEPTION in (/home/ivan/Documentos/global_foundries/gf180-demo/caravel_user_project/openlane/user_proj_example/runs/22_12_02_11_17/results/cts/user_proj_example.odb): 'utf-8' codec can't decode byte 0xe5 in position 16: invalid continuation byte
2022-12-04 02:35:47 - [ERROR] - SPDX COMPLIANCE FILE UNICODE DECODE EXCEPTION in (/home/ivan/Documentos/global_foundries/gf180-demo/caravel_user_project/openlane/user_proj_example/runs/22_12_02_11_17/results/routing/user_proj_example.odb): 'utf-8' codec can't decode byte 0xe5 in position 16: invalid continuation byte
2022-12-04 02:35:48 - [ERROR] - SPDX COMPLIANCE FILE UNICODE DECODE EXCEPTION in (/home/ivan/Documentos/global_foundries/gf180-demo/caravel_user_project/openlane/user_proj_example/runs/22_12_02_11_17/results/placement/user_proj_example.odb): 'utf-8' codec can't decode byte 0xe5 in position 16: invalid continuation byte
2022-12-04 02:35:48 - [ERROR] - SPDX COMPLIANCE FILE UNICODE DECODE EXCEPTION in (/home/ivan/Documentos/global_foundries/gf180-demo/caravel_user_project/openlane/user_proj_example/runs/22_12_02_11_17/results/floorplan/user_proj_example.odb): 'utf-8' codec can't decode byte 0xe5 in position 16: invalid continuation byte
2022-12-04 02:35:49 - [ERROR] - SPDX COMPLIANCE FILE UNICODE DECODE EXCEPTION in (/home/ivan/Documentos/global_foundries/gf180-demo/caravel_user_project/openlane/user_proj_example/runs/22_12_02_11_17/tmp/12-user_proj_example.odb): 'utf-8' codec can't decode byte 0xe5 in position 16: invalid continuation byte
2022-12-04 02:35:52 - [ERROR] - SPDX COMPLIANCE FILE UNICODE DECODE EXCEPTION in (/home/ivan/Documentos/global_foundries/gf180-demo/caravel_user_project/openlane/user_proj_example/runs/22_12_02_11_17/tmp/cts/11-user_proj_example.resized.odb): 'utf-8' codec can't decode byte 0xe5 in position 16: invalid continuation byte
2022-12-04 02:35:53 - [ERROR] - SPDX COMPLIANCE FILE UNICODE DECODE EXCEPTION in (/home/ivan/Documentos/global_foundries/gf180-demo/caravel_user_project/openlane/user_proj_example/runs/22_12_02_11_17/tmp/routing/15-fill.odb): 'utf-8' codec can't decode byte 0xe5 in position 16: invalid continuation byte
2022-12-04 02:35:53 - [ERROR] - SPDX COMPLIANCE FILE UNICODE DECODE EXCEPTION in (/home/ivan/Documentos/global_foundries/gf180-demo/caravel_user_project/openlane/user_proj_example/runs/22_12_02_11_17/tmp/routing/13-diodes.odb): 'utf-8' codec can't decode byte 0xe5 in position 16: invalid continuation byte
2022-12-04 02:35:53 - [ERROR] - SPDX COMPLIANCE FILE UNICODE DECODE EXCEPTION in (/home/ivan/Documentos/global_foundries/gf180-demo/caravel_user_project/openlane/user_proj_example/runs/22_12_02_11_17/tmp/routing/diodes.odb): 'utf-8' codec can't decode byte 0xe5 in position 16: invalid continuation byte
2022-12-04 02:35:53 - [ERROR] - SPDX COMPLIANCE FILE UNICODE DECODE EXCEPTION in (/home/ivan/Documentos/global_foundries/gf180-demo/caravel_user_project/openlane/user_proj_example/runs/22_12_02_11_17/tmp/routing/16-global.odb): 'utf-8' codec can't decode byte 0xe5 in position 16: invalid continuation byte
2022-12-04 02:35:53 - [ERROR] - SPDX COMPLIANCE FILE UNICODE DECODE EXCEPTION in (/home/ivan/Documentos/global_foundries/gf180-demo/caravel_user_project/openlane/user_proj_example/runs/22_12_02_11_17/tmp/placement/8-resizer.odb): 'utf-8' codec can't decode byte 0xe5 in position 16: invalid continuation byte
2022-12-04 02:35:53 - [ERROR] - SPDX COMPLIANCE FILE UNICODE DECODE EXCEPTION in (/home/ivan/Documentos/global_foundries/gf180-demo/caravel_user_project/openlane/user_proj_example/runs/22_12_02_11_17/tmp/placement/7-global.odb): 'utf-8' codec can't decode byte 0xe5 in position 16: invalid continuation byte
2022-12-04 02:35:53 - [ERROR] - SPDX COMPLIANCE FILE UNICODE DECODE EXCEPTION in (/home/ivan/Documentos/global_foundries/gf180-demo/caravel_user_project/openlane/user_proj_example/runs/22_12_02_11_17/tmp/floorplan/3-initial_fp.odb): 'utf-8' codec can't decode byte 0xe5 in position 16: invalid continuation byte
2022-12-04 02:35:53 - [ERROR] - SPDX COMPLIANCE FILE UNICODE DECODE EXCEPTION in (/home/ivan/Documentos/global_foundries/gf180-demo/caravel_user_project/openlane/user_proj_example/runs/22_12_02_11_17/tmp/floorplan/4-io.odb): 'utf-8' codec can't decode byte 0xe5 in position 16: invalid continuation byte
2022-12-04 02:35:53 - [ERROR] - SPDX COMPLIANCE FILE UNICODE DECODE EXCEPTION in (/home/ivan/Documentos/global_foundries/gf180-demo/caravel_user_project/openlane/user_proj_example/runs/22_12_02_11_17/tmp/floorplan/6-pdn.odb): 'utf-8' codec can't decode byte 0xe5 in position 16: invalid continuation byte
2022-12-04 02:35:55 - [ERROR] - SPDX COMPLIANCE FILE UNICODE DECODE EXCEPTION in (/home/ivan/Documentos/global_foundries/gf180-demo/caravel_user_project/openlane/user_proj_example/runs/22_12_03_18_29/results/cts/user_proj_example.odb): 'utf-8' codec can't decode byte 0xe5 in position 16: invalid continuation byte
2022-12-04 02:35:55 - [ERROR] - SPDX COMPLIANCE FILE UNICODE DECODE EXCEPTION in (/home/ivan/Documentos/global_foundries/gf180-demo/caravel_user_project/openlane/user_proj_example/runs/22_12_03_18_29/results/routing/user_proj_example.odb): 'utf-8' codec can't decode byte 0xe5 in position 16: invalid continuation byte
2022-12-04 02:35:56 - [ERROR] - SPDX COMPLIANCE FILE UNICODE DECODE EXCEPTION in (/home/ivan/Documentos/global_foundries/gf180-demo/caravel_user_project/openlane/user_proj_example/runs/22_12_03_18_29/results/placement/user_proj_example.odb): 'utf-8' codec can't decode byte 0xe5 in position 16: invalid continuation byte
2022-12-04 02:35:56 - [ERROR] - SPDX COMPLIANCE FILE UNICODE DECODE EXCEPTION in (/home/ivan/Documentos/global_foundries/gf180-demo/caravel_user_project/openlane/user_proj_example/runs/22_12_03_18_29/results/floorplan/user_proj_example.odb): 'utf-8' codec can't decode byte 0xe5 in position 16: invalid continuation byte
2022-12-04 02:35:57 - [ERROR] - SPDX COMPLIANCE FILE UNICODE DECODE EXCEPTION in (/home/ivan/Documentos/global_foundries/gf180-demo/caravel_user_project/openlane/user_proj_example/runs/22_12_03_18_29/tmp/12-user_proj_example.odb): 'utf-8' codec can't decode byte 0xe5 in position 16: invalid continuation byte
2022-12-04 02:35:59 - [ERROR] - SPDX COMPLIANCE FILE UNICODE DECODE EXCEPTION in (/home/ivan/Documentos/global_foundries/gf180-demo/caravel_user_project/openlane/user_proj_example/runs/22_12_03_18_29/tmp/cts/11-user_proj_example.resized.odb): 'utf-8' codec can't decode byte 0xe5 in position 16: invalid continuation byte
2022-12-04 02:36:00 - [ERROR] - SPDX COMPLIANCE FILE UNICODE DECODE EXCEPTION in (/home/ivan/Documentos/global_foundries/gf180-demo/caravel_user_project/openlane/user_proj_example/runs/22_12_03_18_29/tmp/routing/15-fill.odb): 'utf-8' codec can't decode byte 0xe5 in position 16: invalid continuation byte
2022-12-04 02:36:00 - [ERROR] - SPDX COMPLIANCE FILE UNICODE DECODE EXCEPTION in (/home/ivan/Documentos/global_foundries/gf180-demo/caravel_user_project/openlane/user_proj_example/runs/22_12_03_18_29/tmp/routing/13-diodes.odb): 'utf-8' codec can't decode byte 0xe5 in position 16: invalid continuation byte
2022-12-04 02:36:00 - [ERROR] - SPDX COMPLIANCE FILE UNICODE DECODE EXCEPTION in (/home/ivan/Documentos/global_foundries/gf180-demo/caravel_user_project/openlane/user_proj_example/runs/22_12_03_18_29/tmp/routing/diodes.odb): 'utf-8' codec can't decode byte 0xe5 in position 16: invalid continuation byte
2022-12-04 02:36:00 - [ERROR] - SPDX COMPLIANCE FILE UNICODE DECODE EXCEPTION in (/home/ivan/Documentos/global_foundries/gf180-demo/caravel_user_project/openlane/user_proj_example/runs/22_12_03_18_29/tmp/routing/16-global.odb): 'utf-8' codec can't decode byte 0xe5 in position 16: invalid continuation byte
2022-12-04 02:36:00 - [ERROR] - SPDX COMPLIANCE FILE UNICODE DECODE EXCEPTION in (/home/ivan/Documentos/global_foundries/gf180-demo/caravel_user_project/openlane/user_proj_example/runs/22_12_03_18_29/tmp/placement/8-resizer.odb): 'utf-8' codec can't decode byte 0xe5 in position 16: invalid continuation byte
2022-12-04 02:36:00 - [ERROR] - SPDX COMPLIANCE FILE UNICODE DECODE EXCEPTION in (/home/ivan/Documentos/global_foundries/gf180-demo/caravel_user_project/openlane/user_proj_example/runs/22_12_03_18_29/tmp/placement/7-global.odb): 'utf-8' codec can't decode byte 0xe5 in position 16: invalid continuation byte
2022-12-04 02:36:00 - [ERROR] - SPDX COMPLIANCE FILE UNICODE DECODE EXCEPTION in (/home/ivan/Documentos/global_foundries/gf180-demo/caravel_user_project/openlane/user_proj_example/runs/22_12_03_18_29/tmp/floorplan/3-initial_fp.odb): 'utf-8' codec can't decode byte 0xe5 in position 16: invalid continuation byte
2022-12-04 02:36:00 - [ERROR] - SPDX COMPLIANCE FILE UNICODE DECODE EXCEPTION in (/home/ivan/Documentos/global_foundries/gf180-demo/caravel_user_project/openlane/user_proj_example/runs/22_12_03_18_29/tmp/floorplan/4-io.odb): 'utf-8' codec can't decode byte 0xe5 in position 16: invalid continuation byte
2022-12-04 02:36:00 - [ERROR] - SPDX COMPLIANCE FILE UNICODE DECODE EXCEPTION in (/home/ivan/Documentos/global_foundries/gf180-demo/caravel_user_project/openlane/user_proj_example/runs/22_12_03_18_29/tmp/floorplan/6-pdn.odb): 'utf-8' codec can't decode byte 0xe5 in position 16: invalid continuation byte
2022-12-04 02:36:05 - [ERROR] - SPDX COMPLIANCE FILE UNICODE DECODE EXCEPTION in (/home/ivan/Documentos/global_foundries/gf180-demo/caravel_user_project/openlane/user_project_wrapper/runs/22_12_03_20_55/results/routing/user_project_wrapper.odb): 'utf-8' codec can't decode byte 0xe6 in position 16: invalid continuation byte
2022-12-04 02:36:05 - [ERROR] - SPDX COMPLIANCE FILE UNICODE DECODE EXCEPTION in (/home/ivan/Documentos/global_foundries/gf180-demo/caravel_user_project/openlane/user_project_wrapper/runs/22_12_03_20_55/results/placement/user_project_wrapper.odb): 'utf-8' codec can't decode byte 0xe6 in position 16: invalid continuation byte
2022-12-04 02:36:05 - [ERROR] - SPDX COMPLIANCE FILE UNICODE DECODE EXCEPTION in (/home/ivan/Documentos/global_foundries/gf180-demo/caravel_user_project/openlane/user_project_wrapper/runs/22_12_03_20_55/tmp/9-user_project_wrapper.odb): 'utf-8' codec can't decode byte 0xe6 in position 16: invalid continuation byte
2022-12-04 02:36:09 - [ERROR] - SPDX COMPLIANCE FILE UNICODE DECODE EXCEPTION in (/home/ivan/Documentos/global_foundries/gf180-demo/caravel_user_project/openlane/user_project_wrapper/runs/22_12_03_20_55/tmp/routing/11-global.odb): 'utf-8' codec can't decode byte 0xe6 in position 16: invalid continuation byte
2022-12-04 02:36:09 - [ERROR] - SPDX COMPLIANCE FILE UNICODE DECODE EXCEPTION in (/home/ivan/Documentos/global_foundries/gf180-demo/caravel_user_project/openlane/user_project_wrapper/runs/22_12_03_20_55/tmp/routing/diode.odb): 'utf-8' codec can't decode byte 0xe6 in position 16: invalid continuation byte
2022-12-04 02:36:09 - [ERROR] - SPDX COMPLIANCE FILE UNICODE DECODE EXCEPTION in (/home/ivan/Documentos/global_foundries/gf180-demo/caravel_user_project/openlane/user_project_wrapper/runs/22_12_03_20_55/tmp/placement/7-global.odb): 'utf-8' codec can't decode byte 0xe6 in position 16: invalid continuation byte
2022-12-04 02:36:09 - [ERROR] - SPDX COMPLIANCE FILE UNICODE DECODE EXCEPTION in (/home/ivan/Documentos/global_foundries/gf180-demo/caravel_user_project/openlane/user_project_wrapper/runs/22_12_03_20_55/tmp/floorplan/3-initial_fp.odb): 'utf-8' codec can't decode byte 0xe6 in position 16: invalid continuation byte
2022-12-04 02:36:09 - [ERROR] - SPDX COMPLIANCE FILE UNICODE DECODE EXCEPTION in (/home/ivan/Documentos/global_foundries/gf180-demo/caravel_user_project/openlane/user_project_wrapper/runs/22_12_03_20_55/tmp/floorplan/4-io.odb): 'utf-8' codec can't decode byte 0xe6 in position 16: invalid continuation byte
2022-12-04 02:36:09 - [ERROR] - SPDX COMPLIANCE FILE UNICODE DECODE EXCEPTION in (/home/ivan/Documentos/global_foundries/gf180-demo/caravel_user_project/openlane/user_project_wrapper/runs/22_12_03_20_55/tmp/floorplan/4-io.macro_placement.odb): 'utf-8' codec can't decode byte 0xe6 in position 16: invalid continuation byte
2022-12-04 02:36:09 - [ERROR] - SPDX COMPLIANCE FILE UNICODE DECODE EXCEPTION in (/home/ivan/Documentos/global_foundries/gf180-demo/caravel_user_project/openlane/user_project_wrapper/runs/22_12_03_20_55/tmp/floorplan/6-pdn.odb): 'utf-8' codec can't decode byte 0xe6 in position 16: invalid continuation byte
2022-12-04 02:36:10 - [ERROR] - SPDX COMPLIANCE FILE UNICODE DECODE EXCEPTION in (/home/ivan/Documentos/global_foundries/gf180-demo/caravel_user_project/venv/lib/python3.8/site-packages/setuptools/gui-32.exe): 'utf-8' codec can't decode byte 0x90 in position 2: invalid start byte
2022-12-04 02:36:10 - [ERROR] - SPDX COMPLIANCE FILE UNICODE DECODE EXCEPTION in (/home/ivan/Documentos/global_foundries/gf180-demo/caravel_user_project/venv/lib/python3.8/site-packages/setuptools/cli-32.exe): 'utf-8' codec can't decode byte 0x90 in position 2: invalid start byte
2022-12-04 02:36:10 - [ERROR] - SPDX COMPLIANCE FILE UNICODE DECODE EXCEPTION in (/home/ivan/Documentos/global_foundries/gf180-demo/caravel_user_project/venv/lib/python3.8/site-packages/setuptools/gui.exe): 'utf-8' codec can't decode byte 0x90 in position 2: invalid start byte
2022-12-04 02:36:10 - [ERROR] - SPDX COMPLIANCE FILE UNICODE DECODE EXCEPTION in (/home/ivan/Documentos/global_foundries/gf180-demo/caravel_user_project/venv/lib/python3.8/site-packages/setuptools/cli.exe): 'utf-8' codec can't decode byte 0x90 in position 2: invalid start byte
2022-12-04 02:36:10 - [ERROR] - SPDX COMPLIANCE FILE UNICODE DECODE EXCEPTION in (/home/ivan/Documentos/global_foundries/gf180-demo/caravel_user_project/venv/lib/python3.8/site-packages/setuptools/gui-64.exe): 'utf-8' codec can't decode byte 0x90 in position 2: invalid start byte
2022-12-04 02:36:10 - [ERROR] - SPDX COMPLIANCE FILE UNICODE DECODE EXCEPTION in (/home/ivan/Documentos/global_foundries/gf180-demo/caravel_user_project/venv/lib/python3.8/site-packages/setuptools/cli-64.exe): 'utf-8' codec can't decode byte 0x90 in position 2: invalid start byte
2022-12-04 02:36:11 - [ERROR] - SPDX COMPLIANCE FILE UNICODE DECODE EXCEPTION in (/home/ivan/Documentos/global_foundries/gf180-demo/caravel_user_project/venv/lib/python3.8/site-packages/pip/_vendor/distlib/t64-arm.exe): 'utf-8' codec can't decode byte 0x90 in position 2: invalid start byte
2022-12-04 02:36:11 - [ERROR] - SPDX COMPLIANCE FILE UNICODE DECODE EXCEPTION in (/home/ivan/Documentos/global_foundries/gf180-demo/caravel_user_project/venv/lib/python3.8/site-packages/pip/_vendor/distlib/t64.exe): 'utf-8' codec can't decode byte 0x90 in position 2: invalid start byte
2022-12-04 02:36:11 - [ERROR] - SPDX COMPLIANCE FILE UNICODE DECODE EXCEPTION in (/home/ivan/Documentos/global_foundries/gf180-demo/caravel_user_project/venv/lib/python3.8/site-packages/pip/_vendor/distlib/w64.exe): 'utf-8' codec can't decode byte 0x90 in position 2: invalid start byte
2022-12-04 02:36:11 - [ERROR] - SPDX COMPLIANCE FILE UNICODE DECODE EXCEPTION in (/home/ivan/Documentos/global_foundries/gf180-demo/caravel_user_project/venv/lib/python3.8/site-packages/pip/_vendor/distlib/w32.exe): 'utf-8' codec can't decode byte 0x90 in position 2: invalid start byte
2022-12-04 02:36:11 - [ERROR] - SPDX COMPLIANCE FILE UNICODE DECODE EXCEPTION in (/home/ivan/Documentos/global_foundries/gf180-demo/caravel_user_project/venv/lib/python3.8/site-packages/pip/_vendor/distlib/t32.exe): 'utf-8' codec can't decode byte 0x90 in position 2: invalid start byte
2022-12-04 02:36:11 - [ERROR] - SPDX COMPLIANCE FILE UNICODE DECODE EXCEPTION in (/home/ivan/Documentos/global_foundries/gf180-demo/caravel_user_project/venv/lib/python3.8/site-packages/pip/_vendor/distlib/w64-arm.exe): 'utf-8' codec can't decode byte 0x90 in position 2: invalid start byte
2022-12-04 02:36:14 - [ERROR] - SPDX COMPLIANCE FILE UNICODE DECODE EXCEPTION in (/home/ivan/Documentos/global_foundries/gf180-demo/caravel_user_project/venv/share/python-wheels/html5lib-1.0.1-py2.py3-none-any.whl): 'utf-8' codec can't decode byte 0xed in position 12: invalid continuation byte
2022-12-04 02:36:14 - [ERROR] - SPDX COMPLIANCE FILE UNICODE DECODE EXCEPTION in (/home/ivan/Documentos/global_foundries/gf180-demo/caravel_user_project/venv/share/python-wheels/pyparsing-2.4.6-py2.py3-none-any.whl): 'utf-8' codec can't decode byte 0xed in position 12: invalid continuation byte
2022-12-04 02:36:14 - [ERROR] - SPDX COMPLIANCE FILE UNICODE DECODE EXCEPTION in (/home/ivan/Documentos/global_foundries/gf180-demo/caravel_user_project/venv/share/python-wheels/certifi-2019.11.28-py2.py3-none-any.whl): 'utf-8' codec can't decode byte 0xed in position 12: invalid continuation byte
2022-12-04 02:36:14 - [ERROR] - SPDX COMPLIANCE FILE UNICODE DECODE EXCEPTION in (/home/ivan/Documentos/global_foundries/gf180-demo/caravel_user_project/venv/share/python-wheels/pep517-0.8.2-py2.py3-none-any.whl): 'utf-8' codec can't decode byte 0xed in position 12: invalid continuation byte
2022-12-04 02:36:14 - [ERROR] - SPDX COMPLIANCE FILE UNICODE DECODE EXCEPTION in (/home/ivan/Documentos/global_foundries/gf180-demo/caravel_user_project/venv/share/python-wheels/ipaddr-2.2.0-py2.py3-none-any.whl): 'utf-8' codec can't decode byte 0xed in position 12: invalid continuation byte
2022-12-04 02:36:14 - [ERROR] - SPDX COMPLIANCE FILE UNICODE DECODE EXCEPTION in (/home/ivan/Documentos/global_foundries/gf180-demo/caravel_user_project/venv/share/python-wheels/chardet-3.0.4-py2.py3-none-any.whl): 'utf-8' codec can't decode byte 0xed in position 12: invalid continuation byte
2022-12-04 02:36:14 - [ERROR] - SPDX COMPLIANCE FILE UNICODE DECODE EXCEPTION in (/home/ivan/Documentos/global_foundries/gf180-demo/caravel_user_project/venv/share/python-wheels/pkg_resources-0.0.0-py2.py3-none-any.whl): 'utf-8' codec can't decode byte 0xed in position 12: invalid continuation byte
2022-12-04 02:36:14 - [ERROR] - SPDX COMPLIANCE FILE UNICODE DECODE EXCEPTION in (/home/ivan/Documentos/global_foundries/gf180-demo/caravel_user_project/venv/share/python-wheels/six-1.14.0-py2.py3-none-any.whl): 'utf-8' codec can't decode byte 0xed in position 12: invalid continuation byte
2022-12-04 02:36:14 - [ERROR] - SPDX COMPLIANCE FILE UNICODE DECODE EXCEPTION in (/home/ivan/Documentos/global_foundries/gf180-demo/caravel_user_project/venv/share/python-wheels/idna-2.8-py2.py3-none-any.whl): 'utf-8' codec can't decode byte 0xed in position 12: invalid continuation byte
2022-12-04 02:36:14 - [ERROR] - SPDX COMPLIANCE FILE UNICODE DECODE EXCEPTION in (/home/ivan/Documentos/global_foundries/gf180-demo/caravel_user_project/venv/share/python-wheels/CacheControl-0.12.6-py2.py3-none-any.whl): 'utf-8' codec can't decode byte 0xed in position 12: invalid continuation byte
2022-12-04 02:36:14 - [ERROR] - SPDX COMPLIANCE FILE UNICODE DECODE EXCEPTION in (/home/ivan/Documentos/global_foundries/gf180-demo/caravel_user_project/venv/share/python-wheels/packaging-20.3-py2.py3-none-any.whl): 'utf-8' codec can't decode byte 0xed in position 12: invalid continuation byte
2022-12-04 02:36:14 - [ERROR] - SPDX COMPLIANCE FILE UNICODE DECODE EXCEPTION in (/home/ivan/Documentos/global_foundries/gf180-demo/caravel_user_project/venv/share/python-wheels/distro-1.4.0-py2.py3-none-any.whl): 'utf-8' codec can't decode byte 0xed in position 12: invalid continuation byte
2022-12-04 02:36:14 - [ERROR] - SPDX COMPLIANCE FILE UNICODE DECODE EXCEPTION in (/home/ivan/Documentos/global_foundries/gf180-demo/caravel_user_project/venv/share/python-wheels/msgpack-0.6.2-py2.py3-none-any.whl): 'utf-8' codec can't decode byte 0xed in position 12: invalid continuation byte
2022-12-04 02:36:14 - [ERROR] - SPDX COMPLIANCE FILE UNICODE DECODE EXCEPTION in (/home/ivan/Documentos/global_foundries/gf180-demo/caravel_user_project/venv/share/python-wheels/requests-2.22.0-py2.py3-none-any.whl): 'utf-8' codec can't decode byte 0xed in position 12: invalid continuation byte
2022-12-04 02:36:14 - [ERROR] - SPDX COMPLIANCE FILE UNICODE DECODE EXCEPTION in (/home/ivan/Documentos/global_foundries/gf180-demo/caravel_user_project/venv/share/python-wheels/wheel-0.34.2-py2.py3-none-any.whl): 'utf-8' codec can't decode byte 0xed in position 12: invalid continuation byte
2022-12-04 02:36:14 - [ERROR] - SPDX COMPLIANCE FILE UNICODE DECODE EXCEPTION in (/home/ivan/Documentos/global_foundries/gf180-demo/caravel_user_project/venv/share/python-wheels/retrying-1.3.3-py2.py3-none-any.whl): 'utf-8' codec can't decode byte 0xed in position 12: invalid continuation byte
2022-12-04 02:36:14 - [ERROR] - SPDX COMPLIANCE FILE UNICODE DECODE EXCEPTION in (/home/ivan/Documentos/global_foundries/gf180-demo/caravel_user_project/venv/share/python-wheels/urllib3-1.25.8-py2.py3-none-any.whl): 'utf-8' codec can't decode byte 0xed in position 12: invalid continuation byte
2022-12-04 02:36:14 - [ERROR] - SPDX COMPLIANCE FILE UNICODE DECODE EXCEPTION in (/home/ivan/Documentos/global_foundries/gf180-demo/caravel_user_project/venv/share/python-wheels/colorama-0.4.3-py2.py3-none-any.whl): 'utf-8' codec can't decode byte 0xed in position 12: invalid continuation byte
2022-12-04 02:36:14 - [ERROR] - SPDX COMPLIANCE FILE UNICODE DECODE EXCEPTION in (/home/ivan/Documentos/global_foundries/gf180-demo/caravel_user_project/venv/share/python-wheels/pip-20.0.2-py2.py3-none-any.whl): 'utf-8' codec can't decode byte 0xed in position 12: invalid continuation byte
2022-12-04 02:36:14 - [ERROR] - SPDX COMPLIANCE FILE UNICODE DECODE EXCEPTION in (/home/ivan/Documentos/global_foundries/gf180-demo/caravel_user_project/venv/share/python-wheels/distlib-0.3.0-py2.py3-none-any.whl): 'utf-8' codec can't decode byte 0xed in position 12: invalid continuation byte
2022-12-04 02:36:14 - [ERROR] - SPDX COMPLIANCE FILE UNICODE DECODE EXCEPTION in (/home/ivan/Documentos/global_foundries/gf180-demo/caravel_user_project/venv/share/python-wheels/toml-0.10.0-py2.py3-none-any.whl): 'utf-8' codec can't decode byte 0xed in position 12: invalid continuation byte
2022-12-04 02:36:14 - [ERROR] - SPDX COMPLIANCE FILE UNICODE DECODE EXCEPTION in (/home/ivan/Documentos/global_foundries/gf180-demo/caravel_user_project/venv/share/python-wheels/appdirs-1.4.3-py2.py3-none-any.whl): 'utf-8' codec can't decode byte 0xed in position 12: invalid continuation byte
2022-12-04 02:36:14 - [ERROR] - SPDX COMPLIANCE FILE UNICODE DECODE EXCEPTION in (/home/ivan/Documentos/global_foundries/gf180-demo/caravel_user_project/venv/share/python-wheels/contextlib2-0.6.0-py2.py3-none-any.whl): 'utf-8' codec can't decode byte 0xed in position 12: invalid continuation byte
2022-12-04 02:36:14 - [ERROR] - SPDX COMPLIANCE FILE UNICODE DECODE EXCEPTION in (/home/ivan/Documentos/global_foundries/gf180-demo/caravel_user_project/venv/share/python-wheels/lockfile-0.12.2-py2.py3-none-any.whl): 'utf-8' codec can't decode byte 0xed in position 12: invalid continuation byte
2022-12-04 02:36:14 - [ERROR] - SPDX COMPLIANCE FILE UNICODE DECODE EXCEPTION in (/home/ivan/Documentos/global_foundries/gf180-demo/caravel_user_project/venv/share/python-wheels/setuptools-44.0.0-py2.py3-none-any.whl): 'utf-8' codec can't decode byte 0xed in position 12: invalid continuation byte
2022-12-04 02:36:14 - [ERROR] - SPDX COMPLIANCE FILE UNICODE DECODE EXCEPTION in (/home/ivan/Documentos/global_foundries/gf180-demo/caravel_user_project/venv/share/python-wheels/progress-1.5-py2.py3-none-any.whl): 'utf-8' codec can't decode byte 0xed in position 12: invalid continuation byte
2022-12-04 02:36:14 - [ERROR] - SPDX COMPLIANCE FILE UNICODE DECODE EXCEPTION in (/home/ivan/Documentos/global_foundries/gf180-demo/caravel_user_project/venv/share/python-wheels/webencodings-0.5.1-py2.py3-none-any.whl): 'utf-8' codec can't decode byte 0xed in position 12: invalid continuation byte
2022-12-04 02:36:14 - [ERROR] - SPDX COMPLIANCE FILE UNICODE DECODE EXCEPTION in (/home/ivan/Documentos/global_foundries/gf180-demo/caravel_user_project/venv/bin/python3): 'utf-8' codec can't decode byte 0xf8 in position 96: invalid start byte
2022-12-04 02:36:14 - [ERROR] - SPDX COMPLIANCE FILE UNICODE DECODE EXCEPTION in (/home/ivan/Documentos/global_foundries/gf180-demo/caravel_user_project/venv/bin/python): 'utf-8' codec can't decode byte 0xf8 in position 96: invalid start byte
2022-12-04 02:36:17 - [WARNING] - {{SPDX COMPLIANCE CHECK FAILED}} Found 1687 non-compliant file(s) with the SPDX Standard.
2022-12-04 02:36:17 - [INFO] - SPDX COMPLIANCE: NON-COMPLIANT FILE(S) PREVIEW: ['/home/ivan/Documentos/global_foundries/gf180-demo/caravel_user_project/spef/user_project_wrapper.spef', '/home/ivan/Documentos/global_foundries/gf180-demo/caravel_user_project/spef/fibonacci.spef', '/home/ivan/Documentos/global_foundries/gf180-demo/caravel_user_project/spef/user_proj_example.spef', '/home/ivan/Documentos/global_foundries/gf180-demo/caravel_user_project/spef/multicorner/user_project_wrapper.nom.spef', '/home/ivan/Documentos/global_foundries/gf180-demo/caravel_user_project/deps/timing-scripts/timing.mk', '/home/ivan/Documentos/global_foundries/gf180-demo/caravel_user_project/deps/timing-scripts/Dockerfile', '/home/ivan/Documentos/global_foundries/gf180-demo/caravel_user_project/deps/timing-scripts/env/t.tcl', '/home/ivan/Documentos/global_foundries/gf180-demo/caravel_user_project/deps/timing-scripts/env/caravel_spef_mapping-mpw2-calibre.tcl', '/home/ivan/Documentos/global_foundries/gf180-demo/caravel_user_project/deps/timing-scripts/env/caravel_spef_mapping-mpw5-calibre.tcl', '/home/ivan/Documentos/global_foundries/gf180-demo/caravel_user_project/deps/timing-scripts/env/common.tcl', '/home/ivan/Documentos/global_foundries/gf180-demo/caravel_user_project/deps/timing-scripts/env/f.tcl', '/home/ivan/Documentos/global_foundries/gf180-demo/caravel_user_project/deps/timing-scripts/env/s.tcl', '/home/ivan/Documentos/global_foundries/gf180-demo/caravel_user_project/deps/timing-scripts/env/caravel_spef_mapping.tcl', '/home/ivan/Documentos/global_foundries/gf180-demo/caravel_user_project/deps/timing-scripts/env/caravel_spef_mapping-mpw2.tcl', '/home/ivan/Documentos/global_foundries/gf180-demo/caravel_user_project/deps/timing-scripts/env/caravel_spef_mapping-mpw7.tcl']
2022-12-04 02:36:17 - [INFO] - For the full SPDX compliance report check: /home/ivan/Documentos/global_foundries/gf180-demo/caravel_user_project/precheck_results/04_DEC_2022___02_35_10/logs/spdx_compliance_report.log
2022-12-04 02:36:17 - [INFO] - {{STEP UPDATE}} Executing Check 2 of 7: GPIO-Defines
2022-12-04 02:36:17 - [INFO] - GPIO-DEFINES: Checking verilog/rtl/user_defines.v, parsing files: ['/home/ivan/mpw_precheck/checks/gpio_defines_check/verilog_assets/gpio_modes_base.v', '/home/ivan/Documentos/global_foundries/gf180-demo/caravel_user_project/verilog/rtl/user_defines.v', '/home/ivan/mpw_precheck/checks/gpio_defines_check/verilog_assets/gpio_modes_observe.v']
2022-12-04 02:36:18 - [CRITICAL] - {{GPIO-DEFINES: ERROR IN verilog/rtl/user_defines.v}} Directives(33) still placeholder (13'hXXXX) or not hex-literal: USER_CONFIG_GPIO_5_INIT=13'hXXXX USER_CONFIG_GPIO_6_INIT=13'hXXXX USER_CONFIG_GPIO_7_INIT=13'hXXXX USER_CONFIG_GPIO_8_INIT=13'hXXXX USER_CONFIG_GPIO_9_INIT=13'hXXXX USER_CONFIG_GPIO_10_INIT=13'hXXXX USER_CONFIG_GPIO_11_INIT=13'hXXXX USER_CONFIG_GPIO_12_INIT=13'hXXXX USER_CONFIG_GPIO_13_INIT=13'hXXXX USER_CONFIG_GPIO_14_INIT=13'hXXXX USER_CONFIG_GPIO_26_INIT=13'hXXXX USER_CONFIG_GPIO_27_INIT=13'hXXXX USER_CONFIG_GPIO_28_INIT=13'hXXXX USER_CONFIG_GPIO_29_INIT=13'hXXXX USER_CONFIG_GPIO_30_INIT=13'hXXXX USER_CONFIG_GPIO_31_INIT=13'hXXXX USER_CONFIG_GPIO_32_INIT=13'hXXXX USER_CONFIG_GPIO_33_INIT=13'hXXXX USER_CONFIG_GPIO_34_INIT=13'hXXXX USER_CONFIG_GPIO_35_INIT=13'hXXXX USER_CONFIG_GPIO_36_INIT=13'hXXXX USER_CONFIG_GPIO_37_INIT=13'hXXXX USER_CONFIG_GPIO_15_INIT=13'hXXXX USER_CONFIG_GPIO_16_INIT=13'hXXXX USER_CONFIG_GPIO_17_INIT=13'hXXXX USER_CONFIG_GPIO_18_INIT=13'hXXXX USER_CONFIG_GPIO_19_INIT=13'hXXXX USER_CONFIG_GPIO_20_INIT=13'hXXXX USER_CONFIG_GPIO_21_INIT=13'hXXXX USER_CONFIG_GPIO_22_INIT=13'hXXXX USER_CONFIG_GPIO_23_INIT=13'hXXXX USER_CONFIG_GPIO_24_INIT=13'hXXXX USER_CONFIG_GPIO_25_INIT=13'hXXXX.. No report generated.
2022-12-04 02:36:19 - [WARNING] - {{GPIO-DEFINES CHECK FAILED}} The user verilog/rtl/user_defines.v is not valid.
2022-12-04 02:36:19 - [INFO] - {{STEP UPDATE}} Executing Check 3 of 7: XOR
2022-12-04 02:36:34 - [INFO] - {{XOR CHECK UPDATE}} Total XOR differences: 0, for more details view /home/ivan/Documentos/global_foundries/gf180-demo/caravel_user_project/precheck_results/04_DEC_2022___02_35_10/outputs/user_project_wrapper.xor.gds
2022-12-04 02:36:34 - [INFO] - {{XOR CHECK PASSED}} The GDS file has no XOR violations.
2022-12-04 02:36:34 - [INFO] - {{STEP UPDATE}} Executing Check 4 of 7: Klayout FEOL
2022-12-04 02:36:34 - [INFO] - in CUSTOM klayout_gds_drc_check
2022-12-04 02:36:34 - [INFO] - run: klayout -b -r /home/ivan/mpw_precheck/checks/tech-files/gf180mcuC_mr.drc -rd input=/home/ivan/Documentos/global_foundries/gf180-demo/caravel_user_project/gds/user_project_wrapper.gds -rd topcell=user_project_wrapper -rd report=/home/ivan/Documentos/global_foundries/gf180-demo/caravel_user_project/precheck_results/04_DEC_2022___02_35_10/outputs/reports/klayout_feol_check.xml -rd feol=true -rd metal_top=9K -rd mim_option=B -rd metal_level=5LM -rd conn_drc=true >& /home/ivan/Documentos/global_foundries/gf180-demo/caravel_user_project/precheck_results/04_DEC_2022___02_35_10/logs/klayout_feol_check.log
